<?xml version="1.0" encoding="UTF-8"?>
<!-- Generated by org.testng.reporters.JUnitXMLReporter -->
<testsuite hostname="QiuyedeMacBook-Air.local" name="register" tests="6" failures="0" timestamp="8 Jan 2021 08:56:11 GMT" time="2.235" errors="0">
  <testcase name="test1" time="0.745" classname="com.lemon.api.auto.RegisterCase2_v4"/>
  <testcase name="test1" time="0.193" classname="com.lemon.api.auto.RegisterCase2_v4"/>
  <testcase name="test1" time="0.157" classname="com.lemon.api.auto.RegisterCase2_v4"/>
  <testcase name="test1" time="0.161" classname="com.lemon.api.auto.RegisterCase2_v4"/>
  <testcase name="test1" time="0.187" classname="com.lemon.api.auto.RegisterCase2_v4"/>
  <testcase name="test1" time="0.173" classname="com.lemon.api.auto.RegisterCase2_v4"/>
</testsuite> <!-- register -->
