<?xml version="1.0" encoding="UTF-8"?>
<!-- Generated by org.testng.reporters.JUnitXMLReporter -->
<testsuite hostname="QiuyedeMacBook-Air.local" name="Default test" tests="6" failures="0" timestamp="8 Jan 2021 11:57:01 GMT" time="2.951" errors="0">
  <testcase name="test1" time="1.443" classname="com.lemon.api.auto.RegisterCase2_v5"/>
  <testcase name="test1" time="0.162" classname="com.lemon.api.auto.RegisterCase2_v5"/>
  <testcase name="test1" time="0.161" classname="com.lemon.api.auto.RegisterCase2_v5"/>
  <testcase name="test1" time="0.191" classname="com.lemon.api.auto.RegisterCase2_v5"/>
  <testcase name="test1" time="0.206" classname="com.lemon.api.auto.RegisterCase2_v5"/>
  <testcase name="test1" time="0.185" classname="com.lemon.api.auto.RegisterCase2_v5"/>
</testsuite> <!-- Default test -->
